#-----------------------------------------------------------
# Vivado v2017.4 (64-bit)
# SW Build 2086221 on Fri Dec 15 20:55:39 MST 2017
# IP Build 2085800 on Fri Dec 15 22:25:07 MST 2017
# Start of session at: Sun Jun  9 11:44:19 2019
# Process ID: 1028
# Current directory: D:/Desktop/snake
# Command line: vivado.exe -gui_launcher_event rodinguilauncherevent10880 D:\Desktop\snake\snake.xpr
# Log file: D:/Desktop/snake/vivado.log
# Journal file: D:/Desktop/snake\vivado.jou
#-----------------------------------------------------------
start_gui
open_project D:/Desktop/snake/snake.xpr
Scanning sources...
Finished scanning sources
INFO: [IP_Flow 19-234] Refreshing IP repositories
INFO: [IP_Flow 19-1704] No user IP repositories specified
INFO: [IP_Flow 19-2313] Loaded Vivado IP repository 'F:/Xilinx/Vivado/2017.4/data/ip'.
open_project: Time (s): cpu = 00:00:32 ; elapsed = 00:00:32 . Memory (MB): peak = 744.328 ; gain = 92.441
update_compile_order -fileset sources_1
set_property part xc7a75tcsg324-1 [current_project]
reset_run synth_1
launch_runs synth_1 -jobs 4
[Sun Jun  9 11:50:28 2019] Launched synth_1...
Run output will be captured here: D:/Desktop/snake/snake.runs/synth_1/runme.log
