
*** Running vivado
    with args -log traffic_light.vds -m64 -product Vivado -mode batch -messageDb vivado.pb -notrace -source traffic_light.tcl


****** Vivado v2017.4 (64-bit)
  **** SW Build 2086221 on Fri Dec 15 20:55:39 MST 2017
  **** IP Build 2085800 on Fri Dec 15 22:25:07 MST 2017
    ** Copyright 1986-2017 Xilinx, Inc. All Rights Reserved.

source traffic_light.tcl -notrace
Command: synth_design -top traffic_light -part xc7a35tcsg324-1
Starting synth_design
Attempting to get a license for feature 'Synthesis' and/or device 'xc7a35t'
INFO: [Common 17-349] Got license for feature 'Synthesis' and/or device 'xc7a35t'
INFO: Launching helper process for spawning children vivado processes
INFO: Helper process launched with PID 18008 
WARNING: [Synth 8-2611] redeclaration of ansi port clkout is not allowed [D:/Desktop/Traffic_Light/Traffic_Light.srcs/sources_1/new/clk_div.v:27]
WARNING: [Synth 8-2611] redeclaration of ansi port led is not allowed [D:/Desktop/Traffic_Light/Traffic_Light.srcs/sources_1/new/traffic_light.v:28]
---------------------------------------------------------------------------------
Starting RTL Elaboration : Time (s): cpu = 00:00:07 ; elapsed = 00:00:07 . Memory (MB): peak = 399.383 ; gain = 109.316
---------------------------------------------------------------------------------
INFO: [Synth 8-638] synthesizing module 'traffic_light' [D:/Desktop/Traffic_Light/Traffic_Light.srcs/sources_1/new/traffic_light.v:23]
	Parameter S1 bound to: 2'b00 
	Parameter S2 bound to: 2'b01 
	Parameter S3 bound to: 2'b11 
	Parameter S4 bound to: 2'b10 
INFO: [Synth 8-638] synthesizing module 'clk_div' [D:/Desktop/Traffic_Light/Traffic_Light.srcs/sources_1/new/clk_div.v:23]
INFO: [Synth 8-256] done synthesizing module 'clk_div' (1#1) [D:/Desktop/Traffic_Light/Traffic_Light.srcs/sources_1/new/clk_div.v:23]
INFO: [Synth 8-256] done synthesizing module 'traffic_light' (2#1) [D:/Desktop/Traffic_Light/Traffic_Light.srcs/sources_1/new/traffic_light.v:23]
---------------------------------------------------------------------------------
Finished RTL Elaboration : Time (s): cpu = 00:00:07 ; elapsed = 00:00:08 . Memory (MB): peak = 430.164 ; gain = 140.098
---------------------------------------------------------------------------------

Report Check Netlist: 
+------+------------------+-------+---------+-------+------------------+
|      |Item              |Errors |Warnings |Status |Description       |
+------+------------------+-------+---------+-------+------------------+
|1     |multi_driven_nets |      0|        0|Passed |Multi driven nets |
+------+------------------+-------+---------+-------+------------------+
---------------------------------------------------------------------------------
Finished RTL Optimization Phase 1 : Time (s): cpu = 00:00:08 ; elapsed = 00:00:08 . Memory (MB): peak = 430.164 ; gain = 140.098
---------------------------------------------------------------------------------
INFO: [Device 21-403] Loading part xc7a35tcsg324-1
INFO: [Project 1-570] Preparing netlist for logic optimization

Processing XDC Constraints
Initializing timing engine
Parsing XDC File [D:/Desktop/Traffic_Light/Traffic_Light.srcs/constrs_1/new/traffic_light_XDC.xdc]
WARNING: [Vivado 12-584] No ports matched 'a[6]'. [D:/Desktop/Traffic_Light/Traffic_Light.srcs/constrs_1/new/traffic_light_XDC.xdc:1]
CRITICAL WARNING: [Common 17-55] 'set_property' expects at least one object. [D:/Desktop/Traffic_Light/Traffic_Light.srcs/constrs_1/new/traffic_light_XDC.xdc:1]
Resolution: If [get_<value>] was used to populate the object, check to make sure this command returns at least one valid object.
WARNING: [Vivado 12-584] No ports matched 'a[5]'. [D:/Desktop/Traffic_Light/Traffic_Light.srcs/constrs_1/new/traffic_light_XDC.xdc:2]
CRITICAL WARNING: [Common 17-55] 'set_property' expects at least one object. [D:/Desktop/Traffic_Light/Traffic_Light.srcs/constrs_1/new/traffic_light_XDC.xdc:2]
Resolution: If [get_<value>] was used to populate the object, check to make sure this command returns at least one valid object.
WARNING: [Vivado 12-584] No ports matched 'a[4]'. [D:/Desktop/Traffic_Light/Traffic_Light.srcs/constrs_1/new/traffic_light_XDC.xdc:3]
CRITICAL WARNING: [Common 17-55] 'set_property' expects at least one object. [D:/Desktop/Traffic_Light/Traffic_Light.srcs/constrs_1/new/traffic_light_XDC.xdc:3]
Resolution: If [get_<value>] was used to populate the object, check to make sure this command returns at least one valid object.
WARNING: [Vivado 12-584] No ports matched 'a[3]'. [D:/Desktop/Traffic_Light/Traffic_Light.srcs/constrs_1/new/traffic_light_XDC.xdc:4]
CRITICAL WARNING: [Common 17-55] 'set_property' expects at least one object. [D:/Desktop/Traffic_Light/Traffic_Light.srcs/constrs_1/new/traffic_light_XDC.xdc:4]
Resolution: If [get_<value>] was used to populate the object, check to make sure this command returns at least one valid object.
WARNING: [Vivado 12-584] No ports matched 'a[2]'. [D:/Desktop/Traffic_Light/Traffic_Light.srcs/constrs_1/new/traffic_light_XDC.xdc:5]
CRITICAL WARNING: [Common 17-55] 'set_property' expects at least one object. [D:/Desktop/Traffic_Light/Traffic_Light.srcs/constrs_1/new/traffic_light_XDC.xdc:5]
Resolution: If [get_<value>] was used to populate the object, check to make sure this command returns at least one valid object.
WARNING: [Vivado 12-584] No ports matched 'a[1]'. [D:/Desktop/Traffic_Light/Traffic_Light.srcs/constrs_1/new/traffic_light_XDC.xdc:6]
CRITICAL WARNING: [Common 17-55] 'set_property' expects at least one object. [D:/Desktop/Traffic_Light/Traffic_Light.srcs/constrs_1/new/traffic_light_XDC.xdc:6]
Resolution: If [get_<value>] was used to populate the object, check to make sure this command returns at least one valid object.
WARNING: [Vivado 12-584] No ports matched 'a[0]'. [D:/Desktop/Traffic_Light/Traffic_Light.srcs/constrs_1/new/traffic_light_XDC.xdc:7]
CRITICAL WARNING: [Common 17-55] 'set_property' expects at least one object. [D:/Desktop/Traffic_Light/Traffic_Light.srcs/constrs_1/new/traffic_light_XDC.xdc:7]
Resolution: If [get_<value>] was used to populate the object, check to make sure this command returns at least one valid object.
WARNING: [Vivado 12-584] No ports matched 'result0[3]'. [D:/Desktop/Traffic_Light/Traffic_Light.srcs/constrs_1/new/traffic_light_XDC.xdc:8]
CRITICAL WARNING: [Common 17-55] 'set_property' expects at least one object. [D:/Desktop/Traffic_Light/Traffic_Light.srcs/constrs_1/new/traffic_light_XDC.xdc:8]
Resolution: If [get_<value>] was used to populate the object, check to make sure this command returns at least one valid object.
WARNING: [Vivado 12-584] No ports matched 'result0[3]'. [D:/Desktop/Traffic_Light/Traffic_Light.srcs/constrs_1/new/traffic_light_XDC.xdc:9]
CRITICAL WARNING: [Common 17-55] 'set_property' expects at least one object. [D:/Desktop/Traffic_Light/Traffic_Light.srcs/constrs_1/new/traffic_light_XDC.xdc:9]
Resolution: If [get_<value>] was used to populate the object, check to make sure this command returns at least one valid object.
WARNING: [Vivado 12-584] No ports matched 'result0[2]'. [D:/Desktop/Traffic_Light/Traffic_Light.srcs/constrs_1/new/traffic_light_XDC.xdc:10]
CRITICAL WARNING: [Common 17-55] 'set_property' expects at least one object. [D:/Desktop/Traffic_Light/Traffic_Light.srcs/constrs_1/new/traffic_light_XDC.xdc:10]
Resolution: If [get_<value>] was used to populate the object, check to make sure this command returns at least one valid object.
WARNING: [Vivado 12-584] No ports matched 'result0[1]'. [D:/Desktop/Traffic_Light/Traffic_Light.srcs/constrs_1/new/traffic_light_XDC.xdc:11]
CRITICAL WARNING: [Common 17-55] 'set_property' expects at least one object. [D:/Desktop/Traffic_Light/Traffic_Light.srcs/constrs_1/new/traffic_light_XDC.xdc:11]
Resolution: If [get_<value>] was used to populate the object, check to make sure this command returns at least one valid object.
WARNING: [Vivado 12-584] No ports matched 'result0[0]'. [D:/Desktop/Traffic_Light/Traffic_Light.srcs/constrs_1/new/traffic_light_XDC.xdc:12]
CRITICAL WARNING: [Common 17-55] 'set_property' expects at least one object. [D:/Desktop/Traffic_Light/Traffic_Light.srcs/constrs_1/new/traffic_light_XDC.xdc:12]
Resolution: If [get_<value>] was used to populate the object, check to make sure this command returns at least one valid object.
WARNING: [Vivado 12-584] No ports matched 'result0[2]'. [D:/Desktop/Traffic_Light/Traffic_Light.srcs/constrs_1/new/traffic_light_XDC.xdc:13]
CRITICAL WARNING: [Common 17-55] 'set_property' expects at least one object. [D:/Desktop/Traffic_Light/Traffic_Light.srcs/constrs_1/new/traffic_light_XDC.xdc:13]
Resolution: If [get_<value>] was used to populate the object, check to make sure this command returns at least one valid object.
WARNING: [Vivado 12-584] No ports matched 'result0[1]'. [D:/Desktop/Traffic_Light/Traffic_Light.srcs/constrs_1/new/traffic_light_XDC.xdc:14]
CRITICAL WARNING: [Common 17-55] 'set_property' expects at least one object. [D:/Desktop/Traffic_Light/Traffic_Light.srcs/constrs_1/new/traffic_light_XDC.xdc:14]
Resolution: If [get_<value>] was used to populate the object, check to make sure this command returns at least one valid object.
WARNING: [Vivado 12-584] No ports matched 'result0[0]'. [D:/Desktop/Traffic_Light/Traffic_Light.srcs/constrs_1/new/traffic_light_XDC.xdc:15]
CRITICAL WARNING: [Common 17-55] 'set_property' expects at least one object. [D:/Desktop/Traffic_Light/Traffic_Light.srcs/constrs_1/new/traffic_light_XDC.xdc:15]
Resolution: If [get_<value>] was used to populate the object, check to make sure this command returns at least one valid object.
WARNING: [Vivado 12-584] No ports matched 'result1[3]'. [D:/Desktop/Traffic_Light/Traffic_Light.srcs/constrs_1/new/traffic_light_XDC.xdc:16]
CRITICAL WARNING: [Common 17-55] 'set_property' expects at least one object. [D:/Desktop/Traffic_Light/Traffic_Light.srcs/constrs_1/new/traffic_light_XDC.xdc:16]
Resolution: If [get_<value>] was used to populate the object, check to make sure this command returns at least one valid object.
WARNING: [Vivado 12-584] No ports matched 'result1[2]'. [D:/Desktop/Traffic_Light/Traffic_Light.srcs/constrs_1/new/traffic_light_XDC.xdc:17]
CRITICAL WARNING: [Common 17-55] 'set_property' expects at least one object. [D:/Desktop/Traffic_Light/Traffic_Light.srcs/constrs_1/new/traffic_light_XDC.xdc:17]
Resolution: If [get_<value>] was used to populate the object, check to make sure this command returns at least one valid object.
WARNING: [Vivado 12-584] No ports matched 'result1[1]'. [D:/Desktop/Traffic_Light/Traffic_Light.srcs/constrs_1/new/traffic_light_XDC.xdc:18]
CRITICAL WARNING: [Common 17-55] 'set_property' expects at least one object. [D:/Desktop/Traffic_Light/Traffic_Light.srcs/constrs_1/new/traffic_light_XDC.xdc:18]
Resolution: If [get_<value>] was used to populate the object, check to make sure this command returns at least one valid object.
WARNING: [Vivado 12-584] No ports matched 'result1[0]'. [D:/Desktop/Traffic_Light/Traffic_Light.srcs/constrs_1/new/traffic_light_XDC.xdc:19]
CRITICAL WARNING: [Common 17-55] 'set_property' expects at least one object. [D:/Desktop/Traffic_Light/Traffic_Light.srcs/constrs_1/new/traffic_light_XDC.xdc:19]
Resolution: If [get_<value>] was used to populate the object, check to make sure this command returns at least one valid object.
WARNING: [Vivado 12-584] No ports matched 'result1[3]'. [D:/Desktop/Traffic_Light/Traffic_Light.srcs/constrs_1/new/traffic_light_XDC.xdc:20]
CRITICAL WARNING: [Common 17-55] 'set_property' expects at least one object. [D:/Desktop/Traffic_Light/Traffic_Light.srcs/constrs_1/new/traffic_light_XDC.xdc:20]
Resolution: If [get_<value>] was used to populate the object, check to make sure this command returns at least one valid object.
WARNING: [Vivado 12-584] No ports matched 'result1[2]'. [D:/Desktop/Traffic_Light/Traffic_Light.srcs/constrs_1/new/traffic_light_XDC.xdc:21]
CRITICAL WARNING: [Common 17-55] 'set_property' expects at least one object. [D:/Desktop/Traffic_Light/Traffic_Light.srcs/constrs_1/new/traffic_light_XDC.xdc:21]
Resolution: If [get_<value>] was used to populate the object, check to make sure this command returns at least one valid object.
WARNING: [Vivado 12-584] No ports matched 'result1[1]'. [D:/Desktop/Traffic_Light/Traffic_Light.srcs/constrs_1/new/traffic_light_XDC.xdc:22]
CRITICAL WARNING: [Common 17-55] 'set_property' expects at least one object. [D:/Desktop/Traffic_Light/Traffic_Light.srcs/constrs_1/new/traffic_light_XDC.xdc:22]
Resolution: If [get_<value>] was used to populate the object, check to make sure this command returns at least one valid object.
WARNING: [Vivado 12-584] No ports matched 'result1[0]'. [D:/Desktop/Traffic_Light/Traffic_Light.srcs/constrs_1/new/traffic_light_XDC.xdc:23]
CRITICAL WARNING: [Common 17-55] 'set_property' expects at least one object. [D:/Desktop/Traffic_Light/Traffic_Light.srcs/constrs_1/new/traffic_light_XDC.xdc:23]
Resolution: If [get_<value>] was used to populate the object, check to make sure this command returns at least one valid object.
WARNING: [Vivado 12-584] No ports matched 'a[15]'. [D:/Desktop/Traffic_Light/Traffic_Light.srcs/constrs_1/new/traffic_light_XDC.xdc:25]
CRITICAL WARNING: [Common 17-55] 'set_property' expects at least one object. [D:/Desktop/Traffic_Light/Traffic_Light.srcs/constrs_1/new/traffic_light_XDC.xdc:25]
Resolution: If [get_<value>] was used to populate the object, check to make sure this command returns at least one valid object.
WARNING: [Vivado 12-584] No ports matched 'a[14]'. [D:/Desktop/Traffic_Light/Traffic_Light.srcs/constrs_1/new/traffic_light_XDC.xdc:26]
CRITICAL WARNING: [Common 17-55] 'set_property' expects at least one object. [D:/Desktop/Traffic_Light/Traffic_Light.srcs/constrs_1/new/traffic_light_XDC.xdc:26]
Resolution: If [get_<value>] was used to populate the object, check to make sure this command returns at least one valid object.
WARNING: [Vivado 12-584] No ports matched 'a[13]'. [D:/Desktop/Traffic_Light/Traffic_Light.srcs/constrs_1/new/traffic_light_XDC.xdc:27]
CRITICAL WARNING: [Common 17-55] 'set_property' expects at least one object. [D:/Desktop/Traffic_Light/Traffic_Light.srcs/constrs_1/new/traffic_light_XDC.xdc:27]
Resolution: If [get_<value>] was used to populate the object, check to make sure this command returns at least one valid object.
WARNING: [Vivado 12-584] No ports matched 'a[12]'. [D:/Desktop/Traffic_Light/Traffic_Light.srcs/constrs_1/new/traffic_light_XDC.xdc:28]
CRITICAL WARNING: [Common 17-55] 'set_property' expects at least one object. [D:/Desktop/Traffic_Light/Traffic_Light.srcs/constrs_1/new/traffic_light_XDC.xdc:28]
Resolution: If [get_<value>] was used to populate the object, check to make sure this command returns at least one valid object.
WARNING: [Vivado 12-584] No ports matched 'a[11]'. [D:/Desktop/Traffic_Light/Traffic_Light.srcs/constrs_1/new/traffic_light_XDC.xdc:29]
CRITICAL WARNING: [Common 17-55] 'set_property' expects at least one object. [D:/Desktop/Traffic_Light/Traffic_Light.srcs/constrs_1/new/traffic_light_XDC.xdc:29]
Resolution: If [get_<value>] was used to populate the object, check to make sure this command returns at least one valid object.
WARNING: [Vivado 12-584] No ports matched 'a[10]'. [D:/Desktop/Traffic_Light/Traffic_Light.srcs/constrs_1/new/traffic_light_XDC.xdc:30]
CRITICAL WARNING: [Common 17-55] 'set_property' expects at least one object. [D:/Desktop/Traffic_Light/Traffic_Light.srcs/constrs_1/new/traffic_light_XDC.xdc:30]
Resolution: If [get_<value>] was used to populate the object, check to make sure this command returns at least one valid object.
WARNING: [Vivado 12-584] No ports matched 'a[9]'. [D:/Desktop/Traffic_Light/Traffic_Light.srcs/constrs_1/new/traffic_light_XDC.xdc:31]
CRITICAL WARNING: [Common 17-55] 'set_property' expects at least one object. [D:/Desktop/Traffic_Light/Traffic_Light.srcs/constrs_1/new/traffic_light_XDC.xdc:31]
Resolution: If [get_<value>] was used to populate the object, check to make sure this command returns at least one valid object.
WARNING: [Vivado 12-584] No ports matched 'a[8]'. [D:/Desktop/Traffic_Light/Traffic_Light.srcs/constrs_1/new/traffic_light_XDC.xdc:32]
CRITICAL WARNING: [Common 17-55] 'set_property' expects at least one object. [D:/Desktop/Traffic_Light/Traffic_Light.srcs/constrs_1/new/traffic_light_XDC.xdc:32]
Resolution: If [get_<value>] was used to populate the object, check to make sure this command returns at least one valid object.
WARNING: [Vivado 12-584] No ports matched 'a[7]'. [D:/Desktop/Traffic_Light/Traffic_Light.srcs/constrs_1/new/traffic_light_XDC.xdc:33]
CRITICAL WARNING: [Common 17-55] 'set_property' expects at least one object. [D:/Desktop/Traffic_Light/Traffic_Light.srcs/constrs_1/new/traffic_light_XDC.xdc:33]
Resolution: If [get_<value>] was used to populate the object, check to make sure this command returns at least one valid object.
WARNING: [Vivado 12-584] No ports matched 'result[4]'. [D:/Desktop/Traffic_Light/Traffic_Light.srcs/constrs_1/new/traffic_light_XDC.xdc:34]
CRITICAL WARNING: [Common 17-55] 'set_property' expects at least one object. [D:/Desktop/Traffic_Light/Traffic_Light.srcs/constrs_1/new/traffic_light_XDC.xdc:34]
Resolution: If [get_<value>] was used to populate the object, check to make sure this command returns at least one valid object.
WARNING: [Vivado 12-584] No ports matched 'result[3]'. [D:/Desktop/Traffic_Light/Traffic_Light.srcs/constrs_1/new/traffic_light_XDC.xdc:35]
CRITICAL WARNING: [Common 17-55] 'set_property' expects at least one object. [D:/Desktop/Traffic_Light/Traffic_Light.srcs/constrs_1/new/traffic_light_XDC.xdc:35]
Resolution: If [get_<value>] was used to populate the object, check to make sure this command returns at least one valid object.
WARNING: [Vivado 12-584] No ports matched 'result[2]'. [D:/Desktop/Traffic_Light/Traffic_Light.srcs/constrs_1/new/traffic_light_XDC.xdc:36]
CRITICAL WARNING: [Common 17-55] 'set_property' expects at least one object. [D:/Desktop/Traffic_Light/Traffic_Light.srcs/constrs_1/new/traffic_light_XDC.xdc:36]
Resolution: If [get_<value>] was used to populate the object, check to make sure this command returns at least one valid object.
WARNING: [Vivado 12-584] No ports matched 'result[1]'. [D:/Desktop/Traffic_Light/Traffic_Light.srcs/constrs_1/new/traffic_light_XDC.xdc:37]
CRITICAL WARNING: [Common 17-55] 'set_property' expects at least one object. [D:/Desktop/Traffic_Light/Traffic_Light.srcs/constrs_1/new/traffic_light_XDC.xdc:37]
Resolution: If [get_<value>] was used to populate the object, check to make sure this command returns at least one valid object.
WARNING: [Vivado 12-584] No ports matched 'result[0]'. [D:/Desktop/Traffic_Light/Traffic_Light.srcs/constrs_1/new/traffic_light_XDC.xdc:38]
CRITICAL WARNING: [Common 17-55] 'set_property' expects at least one object. [D:/Desktop/Traffic_Light/Traffic_Light.srcs/constrs_1/new/traffic_light_XDC.xdc:38]
Resolution: If [get_<value>] was used to populate the object, check to make sure this command returns at least one valid object.
WARNING: [Vivado 12-584] No ports matched 'a[15]'. [D:/Desktop/Traffic_Light/Traffic_Light.srcs/constrs_1/new/traffic_light_XDC.xdc:39]
CRITICAL WARNING: [Common 17-55] 'set_property' expects at least one object. [D:/Desktop/Traffic_Light/Traffic_Light.srcs/constrs_1/new/traffic_light_XDC.xdc:39]
Resolution: If [get_<value>] was used to populate the object, check to make sure this command returns at least one valid object.
WARNING: [Vivado 12-584] No ports matched 'a[14]'. [D:/Desktop/Traffic_Light/Traffic_Light.srcs/constrs_1/new/traffic_light_XDC.xdc:40]
CRITICAL WARNING: [Common 17-55] 'set_property' expects at least one object. [D:/Desktop/Traffic_Light/Traffic_Light.srcs/constrs_1/new/traffic_light_XDC.xdc:40]
Resolution: If [get_<value>] was used to populate the object, check to make sure this command returns at least one valid object.
WARNING: [Vivado 12-584] No ports matched 'a[13]'. [D:/Desktop/Traffic_Light/Traffic_Light.srcs/constrs_1/new/traffic_light_XDC.xdc:41]
CRITICAL WARNING: [Common 17-55] 'set_property' expects at least one object. [D:/Desktop/Traffic_Light/Traffic_Light.srcs/constrs_1/new/traffic_light_XDC.xdc:41]
Resolution: If [get_<value>] was used to populate the object, check to make sure this command returns at least one valid object.
WARNING: [Vivado 12-584] No ports matched 'a[12]'. [D:/Desktop/Traffic_Light/Traffic_Light.srcs/constrs_1/new/traffic_light_XDC.xdc:42]
CRITICAL WARNING: [Common 17-55] 'set_property' expects at least one object. [D:/Desktop/Traffic_Light/Traffic_Light.srcs/constrs_1/new/traffic_light_XDC.xdc:42]
Resolution: If [get_<value>] was used to populate the object, check to make sure this command returns at least one valid object.
WARNING: [Vivado 12-584] No ports matched 'a[11]'. [D:/Desktop/Traffic_Light/Traffic_Light.srcs/constrs_1/new/traffic_light_XDC.xdc:43]
CRITICAL WARNING: [Common 17-55] 'set_property' expects at least one object. [D:/Desktop/Traffic_Light/Traffic_Light.srcs/constrs_1/new/traffic_light_XDC.xdc:43]
Resolution: If [get_<value>] was used to populate the object, check to make sure this command returns at least one valid object.
WARNING: [Vivado 12-584] No ports matched 'a[10]'. [D:/Desktop/Traffic_Light/Traffic_Light.srcs/constrs_1/new/traffic_light_XDC.xdc:44]
CRITICAL WARNING: [Common 17-55] 'set_property' expects at least one object. [D:/Desktop/Traffic_Light/Traffic_Light.srcs/constrs_1/new/traffic_light_XDC.xdc:44]
Resolution: If [get_<value>] was used to populate the object, check to make sure this command returns at least one valid object.
WARNING: [Vivado 12-584] No ports matched 'a[9]'. [D:/Desktop/Traffic_Light/Traffic_Light.srcs/constrs_1/new/traffic_light_XDC.xdc:45]
CRITICAL WARNING: [Common 17-55] 'set_property' expects at least one object. [D:/Desktop/Traffic_Light/Traffic_Light.srcs/constrs_1/new/traffic_light_XDC.xdc:45]
Resolution: If [get_<value>] was used to populate the object, check to make sure this command returns at least one valid object.
WARNING: [Vivado 12-584] No ports matched 'a[8]'. [D:/Desktop/Traffic_Light/Traffic_Light.srcs/constrs_1/new/traffic_light_XDC.xdc:46]
CRITICAL WARNING: [Common 17-55] 'set_property' expects at least one object. [D:/Desktop/Traffic_Light/Traffic_Light.srcs/constrs_1/new/traffic_light_XDC.xdc:46]
Resolution: If [get_<value>] was used to populate the object, check to make sure this command returns at least one valid object.
WARNING: [Vivado 12-584] No ports matched 'a[7]'. [D:/Desktop/Traffic_Light/Traffic_Light.srcs/constrs_1/new/traffic_light_XDC.xdc:47]
CRITICAL WARNING: [Common 17-55] 'set_property' expects at least one object. [D:/Desktop/Traffic_Light/Traffic_Light.srcs/constrs_1/new/traffic_light_XDC.xdc:47]
Resolution: If [get_<value>] was used to populate the object, check to make sure this command returns at least one valid object.
WARNING: [Vivado 12-584] No ports matched 'a[6]'. [D:/Desktop/Traffic_Light/Traffic_Light.srcs/constrs_1/new/traffic_light_XDC.xdc:48]
CRITICAL WARNING: [Common 17-55] 'set_property' expects at least one object. [D:/Desktop/Traffic_Light/Traffic_Light.srcs/constrs_1/new/traffic_light_XDC.xdc:48]
Resolution: If [get_<value>] was used to populate the object, check to make sure this command returns at least one valid object.
WARNING: [Vivado 12-584] No ports matched 'a[5]'. [D:/Desktop/Traffic_Light/Traffic_Light.srcs/constrs_1/new/traffic_light_XDC.xdc:49]
CRITICAL WARNING: [Common 17-55] 'set_property' expects at least one object. [D:/Desktop/Traffic_Light/Traffic_Light.srcs/constrs_1/new/traffic_light_XDC.xdc:49]
Resolution: If [get_<value>] was used to populate the object, check to make sure this command returns at least one valid object.
WARNING: [Vivado 12-584] No ports matched 'a[4]'. [D:/Desktop/Traffic_Light/Traffic_Light.srcs/constrs_1/new/traffic_light_XDC.xdc:50]
CRITICAL WARNING: [Common 17-55] 'set_property' expects at least one object. [D:/Desktop/Traffic_Light/Traffic_Light.srcs/constrs_1/new/traffic_light_XDC.xdc:50]
Resolution: If [get_<value>] was used to populate the object, check to make sure this command returns at least one valid object.
WARNING: [Vivado 12-584] No ports matched 'a[3]'. [D:/Desktop/Traffic_Light/Traffic_Light.srcs/constrs_1/new/traffic_light_XDC.xdc:51]
CRITICAL WARNING: [Common 17-55] 'set_property' expects at least one object. [D:/Desktop/Traffic_Light/Traffic_Light.srcs/constrs_1/new/traffic_light_XDC.xdc:51]
Resolution: If [get_<value>] was used to populate the object, check to make sure this command returns at least one valid object.
WARNING: [Vivado 12-584] No ports matched 'a[2]'. [D:/Desktop/Traffic_Light/Traffic_Light.srcs/constrs_1/new/traffic_light_XDC.xdc:52]
CRITICAL WARNING: [Common 17-55] 'set_property' expects at least one object. [D:/Desktop/Traffic_Light/Traffic_Light.srcs/constrs_1/new/traffic_light_XDC.xdc:52]
Resolution: If [get_<value>] was used to populate the object, check to make sure this command returns at least one valid object.
WARNING: [Vivado 12-584] No ports matched 'a[1]'. [D:/Desktop/Traffic_Light/Traffic_Light.srcs/constrs_1/new/traffic_light_XDC.xdc:53]
CRITICAL WARNING: [Common 17-55] 'set_property' expects at least one object. [D:/Desktop/Traffic_Light/Traffic_Light.srcs/constrs_1/new/traffic_light_XDC.xdc:53]
Resolution: If [get_<value>] was used to populate the object, check to make sure this command returns at least one valid object.
WARNING: [Vivado 12-584] No ports matched 'a[0]'. [D:/Desktop/Traffic_Light/Traffic_Light.srcs/constrs_1/new/traffic_light_XDC.xdc:54]
CRITICAL WARNING: [Common 17-55] 'set_property' expects at least one object. [D:/Desktop/Traffic_Light/Traffic_Light.srcs/constrs_1/new/traffic_light_XDC.xdc:54]
Resolution: If [get_<value>] was used to populate the object, check to make sure this command returns at least one valid object.
WARNING: [Vivado 12-584] No ports matched 'result[4]'. [D:/Desktop/Traffic_Light/Traffic_Light.srcs/constrs_1/new/traffic_light_XDC.xdc:55]
CRITICAL WARNING: [Common 17-55] 'set_property' expects at least one object. [D:/Desktop/Traffic_Light/Traffic_Light.srcs/constrs_1/new/traffic_light_XDC.xdc:55]
Resolution: If [get_<value>] was used to populate the object, check to make sure this command returns at least one valid object.
WARNING: [Vivado 12-584] No ports matched 'result[3]'. [D:/Desktop/Traffic_Light/Traffic_Light.srcs/constrs_1/new/traffic_light_XDC.xdc:56]
CRITICAL WARNING: [Common 17-55] 'set_property' expects at least one object. [D:/Desktop/Traffic_Light/Traffic_Light.srcs/constrs_1/new/traffic_light_XDC.xdc:56]
Resolution: If [get_<value>] was used to populate the object, check to make sure this command returns at least one valid object.
WARNING: [Vivado 12-584] No ports matched 'result[2]'. [D:/Desktop/Traffic_Light/Traffic_Light.srcs/constrs_1/new/traffic_light_XDC.xdc:57]
CRITICAL WARNING: [Common 17-55] 'set_property' expects at least one object. [D:/Desktop/Traffic_Light/Traffic_Light.srcs/constrs_1/new/traffic_light_XDC.xdc:57]
Resolution: If [get_<value>] was used to populate the object, check to make sure this command returns at least one valid object.
WARNING: [Vivado 12-584] No ports matched 'result[1]'. [D:/Desktop/Traffic_Light/Traffic_Light.srcs/constrs_1/new/traffic_light_XDC.xdc:58]
CRITICAL WARNING: [Common 17-55] 'set_property' expects at least one object. [D:/Desktop/Traffic_Light/Traffic_Light.srcs/constrs_1/new/traffic_light_XDC.xdc:58]
Resolution: If [get_<value>] was used to populate the object, check to make sure this command returns at least one valid object.
WARNING: [Vivado 12-584] No ports matched 'result[0]'. [D:/Desktop/Traffic_Light/Traffic_Light.srcs/constrs_1/new/traffic_light_XDC.xdc:59]
CRITICAL WARNING: [Common 17-55] 'set_property' expects at least one object. [D:/Desktop/Traffic_Light/Traffic_Light.srcs/constrs_1/new/traffic_light_XDC.xdc:59]
Resolution: If [get_<value>] was used to populate the object, check to make sure this command returns at least one valid object.
Finished Parsing XDC File [D:/Desktop/Traffic_Light/Traffic_Light.srcs/constrs_1/new/traffic_light_XDC.xdc]
INFO: [Project 1-236] Implementation specific constraints were found while reading constraint file [D:/Desktop/Traffic_Light/Traffic_Light.srcs/constrs_1/new/traffic_light_XDC.xdc]. These constraints will be ignored for synthesis but will be used in implementation. Impacted constraints are listed in the file [.Xil/traffic_light_propImpl.xdc].
Resolution: To avoid this warning, move constraints listed in [.Xil/traffic_light_propImpl.xdc] to another XDC file and exclude this new file from synthesis with the used_in_synthesis property (File Properties dialog in GUI) and re-run elaboration/synthesis.
Completed Processing XDC Constraints

INFO: [Project 1-111] Unisim Transformation Summary:
No Unisim elements were transformed.

Constraint Validation Runtime : Time (s): cpu = 00:00:00 ; elapsed = 00:00:00.011 . Memory (MB): peak = 758.445 ; gain = 0.000
---------------------------------------------------------------------------------
Finished Constraint Validation : Time (s): cpu = 00:00:22 ; elapsed = 00:00:27 . Memory (MB): peak = 758.445 ; gain = 468.379
---------------------------------------------------------------------------------
---------------------------------------------------------------------------------
Start Loading Part and Timing Information
---------------------------------------------------------------------------------
Loading part: xc7a35tcsg324-1
---------------------------------------------------------------------------------
Finished Loading Part and Timing Information : Time (s): cpu = 00:00:22 ; elapsed = 00:00:27 . Memory (MB): peak = 758.445 ; gain = 468.379
---------------------------------------------------------------------------------
---------------------------------------------------------------------------------
Start Applying 'set_property' XDC Constraints
---------------------------------------------------------------------------------
---------------------------------------------------------------------------------
Finished applying 'set_property' XDC Constraints : Time (s): cpu = 00:00:22 ; elapsed = 00:00:27 . Memory (MB): peak = 758.445 ; gain = 468.379
---------------------------------------------------------------------------------
INFO: [Synth 8-5545] ROM "clkout" won't be mapped to RAM because address size (32) is larger than maximum supported(25)
INFO: [Synth 8-5545] ROM "cnt" won't be mapped to RAM because address size (32) is larger than maximum supported(25)
INFO: [Synth 8-5546] ROM "state" won't be mapped to RAM because it is too sparse
INFO: [Synth 8-5546] ROM "state" won't be mapped to RAM because it is too sparse
INFO: [Synth 8-5546] ROM "state" won't be mapped to RAM because it is too sparse
INFO: [Synth 8-5546] ROM "state" won't be mapped to RAM because it is too sparse
INFO: [Synth 8-5546] ROM "led" won't be mapped to RAM because it is too sparse
INFO: [Synth 8-5546] ROM "led" won't be mapped to RAM because it is too sparse
INFO: [Synth 8-5546] ROM "led" won't be mapped to RAM because it is too sparse
INFO: [Synth 8-5546] ROM "led" won't be mapped to RAM because it is too sparse
---------------------------------------------------------------------------------
Finished RTL Optimization Phase 2 : Time (s): cpu = 00:00:23 ; elapsed = 00:00:27 . Memory (MB): peak = 758.445 ; gain = 468.379
---------------------------------------------------------------------------------

Report RTL Partitions: 
+-+--------------+------------+----------+
| |RTL Partition |Replication |Instances |
+-+--------------+------------+----------+
+-+--------------+------------+----------+
---------------------------------------------------------------------------------
Start RTL Component Statistics 
---------------------------------------------------------------------------------
Detailed RTL Component Info : 
+---Adders : 
	   2 Input     32 Bit       Adders := 1     
	   2 Input      5 Bit       Adders := 1     
+---Registers : 
	               32 Bit    Registers := 1     
	                6 Bit    Registers := 1     
	                5 Bit    Registers := 1     
	                2 Bit    Registers := 1     
	                1 Bit    Registers := 1     
+---Muxes : 
	   2 Input     32 Bit        Muxes := 1     
	   2 Input      6 Bit        Muxes := 2     
	   5 Input      6 Bit        Muxes := 1     
	   4 Input      5 Bit        Muxes := 1     
	   2 Input      5 Bit        Muxes := 4     
	   2 Input      2 Bit        Muxes := 2     
	   5 Input      2 Bit        Muxes := 1     
	   2 Input      1 Bit        Muxes := 2     
---------------------------------------------------------------------------------
Finished RTL Component Statistics 
---------------------------------------------------------------------------------
---------------------------------------------------------------------------------
Start RTL Hierarchical Component Statistics 
---------------------------------------------------------------------------------
Hierarchical RTL Component report 
Module traffic_light 
Detailed RTL Component Info : 
+---Adders : 
	   2 Input      5 Bit       Adders := 1     
+---Registers : 
	                6 Bit    Registers := 1     
	                5 Bit    Registers := 1     
	                2 Bit    Registers := 1     
+---Muxes : 
	   2 Input      6 Bit        Muxes := 2     
	   5 Input      6 Bit        Muxes := 1     
	   4 Input      5 Bit        Muxes := 1     
	   2 Input      5 Bit        Muxes := 4     
	   2 Input      2 Bit        Muxes := 2     
	   5 Input      2 Bit        Muxes := 1     
	   2 Input      1 Bit        Muxes := 1     
Module clk_div 
Detailed RTL Component Info : 
+---Adders : 
	   2 Input     32 Bit       Adders := 1     
+---Registers : 
	               32 Bit    Registers := 1     
	                1 Bit    Registers := 1     
+---Muxes : 
	   2 Input     32 Bit        Muxes := 1     
	   2 Input      1 Bit        Muxes := 1     
---------------------------------------------------------------------------------
Finished RTL Hierarchical Component Statistics
---------------------------------------------------------------------------------
---------------------------------------------------------------------------------
Start Part Resource Summary
---------------------------------------------------------------------------------
Part Resources:
DSPs: 90 (col length:60)
BRAMs: 100 (col length: RAMB18 60 RAMB36 30)
---------------------------------------------------------------------------------
Finished Part Resource Summary
---------------------------------------------------------------------------------
---------------------------------------------------------------------------------
Start Cross Boundary and Area Optimization
---------------------------------------------------------------------------------
INFO: [Synth 8-5545] ROM "CD/cnt" won't be mapped to RAM because address size (32) is larger than maximum supported(25)
INFO: [Synth 8-5545] ROM "CD/clkout" won't be mapped to RAM because address size (32) is larger than maximum supported(25)
INFO: [Synth 8-3886] merging instance 'state_reg[1]' (FDCE) to 'led_reg[2]'
---------------------------------------------------------------------------------
Finished Cross Boundary and Area Optimization : Time (s): cpu = 00:00:24 ; elapsed = 00:00:29 . Memory (MB): peak = 758.445 ; gain = 468.379
---------------------------------------------------------------------------------

Report RTL Partitions: 
+-+--------------+------------+----------+
| |RTL Partition |Replication |Instances |
+-+--------------+------------+----------+
+-+--------------+------------+----------+
---------------------------------------------------------------------------------
Start Applying XDC Timing Constraints
---------------------------------------------------------------------------------
---------------------------------------------------------------------------------
Finished Applying XDC Timing Constraints : Time (s): cpu = 00:00:35 ; elapsed = 00:00:40 . Memory (MB): peak = 763.523 ; gain = 473.457
---------------------------------------------------------------------------------
---------------------------------------------------------------------------------
Start Timing Optimization
---------------------------------------------------------------------------------
---------------------------------------------------------------------------------
Finished Timing Optimization : Time (s): cpu = 00:00:35 ; elapsed = 00:00:40 . Memory (MB): peak = 763.672 ; gain = 473.605
---------------------------------------------------------------------------------

Report RTL Partitions: 
+-+--------------+------------+----------+
| |RTL Partition |Replication |Instances |
+-+--------------+------------+----------+
+-+--------------+------------+----------+
---------------------------------------------------------------------------------
Start Technology Mapping
---------------------------------------------------------------------------------
---------------------------------------------------------------------------------
Finished Technology Mapping : Time (s): cpu = 00:00:35 ; elapsed = 00:00:40 . Memory (MB): peak = 783.242 ; gain = 493.176
---------------------------------------------------------------------------------

Report RTL Partitions: 
+-+--------------+------------+----------+
| |RTL Partition |Replication |Instances |
+-+--------------+------------+----------+
+-+--------------+------------+----------+
---------------------------------------------------------------------------------
Start IO Insertion
---------------------------------------------------------------------------------
---------------------------------------------------------------------------------
Start Flattening Before IO Insertion
---------------------------------------------------------------------------------
---------------------------------------------------------------------------------
Finished Flattening Before IO Insertion
---------------------------------------------------------------------------------
---------------------------------------------------------------------------------
Start Final Netlist Cleanup
---------------------------------------------------------------------------------
---------------------------------------------------------------------------------
Finished Final Netlist Cleanup
---------------------------------------------------------------------------------
---------------------------------------------------------------------------------
Finished IO Insertion : Time (s): cpu = 00:00:37 ; elapsed = 00:00:42 . Memory (MB): peak = 783.242 ; gain = 493.176
---------------------------------------------------------------------------------

Report Check Netlist: 
+------+------------------+-------+---------+-------+------------------+
|      |Item              |Errors |Warnings |Status |Description       |
+------+------------------+-------+---------+-------+------------------+
|1     |multi_driven_nets |      0|        0|Passed |Multi driven nets |
+------+------------------+-------+---------+-------+------------------+
---------------------------------------------------------------------------------
Start Renaming Generated Instances
---------------------------------------------------------------------------------
---------------------------------------------------------------------------------
Finished Renaming Generated Instances : Time (s): cpu = 00:00:37 ; elapsed = 00:00:42 . Memory (MB): peak = 783.242 ; gain = 493.176
---------------------------------------------------------------------------------

Report RTL Partitions: 
+-+--------------+------------+----------+
| |RTL Partition |Replication |Instances |
+-+--------------+------------+----------+
+-+--------------+------------+----------+
---------------------------------------------------------------------------------
Start Rebuilding User Hierarchy
---------------------------------------------------------------------------------
---------------------------------------------------------------------------------
Finished Rebuilding User Hierarchy : Time (s): cpu = 00:00:37 ; elapsed = 00:00:42 . Memory (MB): peak = 783.242 ; gain = 493.176
---------------------------------------------------------------------------------
---------------------------------------------------------------------------------
Start Renaming Generated Ports
---------------------------------------------------------------------------------
---------------------------------------------------------------------------------
Finished Renaming Generated Ports : Time (s): cpu = 00:00:37 ; elapsed = 00:00:42 . Memory (MB): peak = 783.242 ; gain = 493.176
---------------------------------------------------------------------------------
---------------------------------------------------------------------------------
Start Handling Custom Attributes
---------------------------------------------------------------------------------
---------------------------------------------------------------------------------
Finished Handling Custom Attributes : Time (s): cpu = 00:00:37 ; elapsed = 00:00:42 . Memory (MB): peak = 783.242 ; gain = 493.176
---------------------------------------------------------------------------------
---------------------------------------------------------------------------------
Start Renaming Generated Nets
---------------------------------------------------------------------------------
---------------------------------------------------------------------------------
Finished Renaming Generated Nets : Time (s): cpu = 00:00:37 ; elapsed = 00:00:42 . Memory (MB): peak = 783.242 ; gain = 493.176
---------------------------------------------------------------------------------
---------------------------------------------------------------------------------
Start Writing Synthesis Report
---------------------------------------------------------------------------------

Report BlackBoxes: 
+-+--------------+----------+
| |BlackBox name |Instances |
+-+--------------+----------+
+-+--------------+----------+

Report Cell Usage: 
+------+-------+------+
|      |Cell   |Count |
+------+-------+------+
|1     |BUFG   |     1|
|2     |CARRY4 |     8|
|3     |LUT1   |     2|
|4     |LUT2   |     1|
|5     |LUT3   |     8|
|6     |LUT4   |     5|
|7     |LUT5   |     8|
|8     |LUT6   |     2|
|9     |FDCE   |     8|
|10    |FDPE   |     4|
|11    |FDRE   |    33|
|12    |IBUF   |     2|
|13    |OBUF   |     6|
+------+-------+------+

Report Instance Areas: 
+------+---------+--------+------+
|      |Instance |Module  |Cells |
+------+---------+--------+------+
|1     |top      |        |    88|
|2     |  CD     |clk_div |    51|
+------+---------+--------+------+
---------------------------------------------------------------------------------
Finished Writing Synthesis Report : Time (s): cpu = 00:00:37 ; elapsed = 00:00:42 . Memory (MB): peak = 783.242 ; gain = 493.176
---------------------------------------------------------------------------------
Synthesis finished with 0 errors, 0 critical warnings and 0 warnings.
Synthesis Optimization Runtime : Time (s): cpu = 00:00:22 ; elapsed = 00:00:32 . Memory (MB): peak = 783.242 ; gain = 164.895
Synthesis Optimization Complete : Time (s): cpu = 00:00:37 ; elapsed = 00:00:42 . Memory (MB): peak = 783.242 ; gain = 493.176
INFO: [Project 1-571] Translating synthesized netlist
INFO: [Netlist 29-17] Analyzing 10 Unisim elements for replacement
INFO: [Netlist 29-28] Unisim Transformation completed in 0 CPU seconds
INFO: [Project 1-570] Preparing netlist for logic optimization
INFO: [Opt 31-138] Pushed 0 inverter(s) to 0 load pin(s).
INFO: [Project 1-111] Unisim Transformation Summary:
No Unisim elements were transformed.

INFO: [Common 17-83] Releasing license: Synthesis
29 Infos, 60 Warnings, 58 Critical Warnings and 0 Errors encountered.
synth_design completed successfully
synth_design: Time (s): cpu = 00:00:39 ; elapsed = 00:00:48 . Memory (MB): peak = 783.242 ; gain = 505.805
INFO: [Common 17-1381] The checkpoint 'D:/Desktop/Traffic_Light/Traffic_Light.runs/synth_1/traffic_light.dcp' has been generated.
INFO: [runtcl-4] Executing : report_utilization -file traffic_light_utilization_synth.rpt -pb traffic_light_utilization_synth.pb
report_utilization: Time (s): cpu = 00:00:00 ; elapsed = 00:00:00.523 . Memory (MB): peak = 783.242 ; gain = 0.000
INFO: [Common 17-206] Exiting Vivado at Sat Jun 15 19:53:55 2019...
