Copyright 1986-2017 Xilinx, Inc. All Rights Reserved.
------------------------------------------------------------------------------------------
| Tool Version : Vivado v.2017.4 (win64) Build 2086221 Fri Dec 15 20:55:39 MST 2017
| Date         : Sat Jun 15 19:55:09 2019
| Host         : Casually running 64-bit major release  (build 9200)
| Command      : report_control_sets -verbose -file traffic_light_control_sets_placed.rpt
| Design       : traffic_light
| Device       : xc7a35t
------------------------------------------------------------------------------------------

Control Set Information

Table of Contents
-----------------
1. Summary
2. Flip-Flop Distribution
3. Detailed Control Set Information

1. Summary
----------

+----------------------------------------------------------+-------+
|                          Status                          | Count |
+----------------------------------------------------------+-------+
| Number of unique control sets                            |     3 |
| Unused register locations in slices containing registers |    11 |
+----------------------------------------------------------+-------+


2. Flip-Flop Distribution
-------------------------

+--------------+-----------------------+------------------------+-----------------+--------------+
| Clock Enable | Synchronous Set/Reset | Asynchronous Set/Reset | Total Registers | Total Slices |
+--------------+-----------------------+------------------------+-----------------+--------------+
| No           | No                    | No                     |               2 |            2 |
| No           | No                    | Yes                    |               0 |            0 |
| No           | Yes                   | No                     |              31 |            8 |
| Yes          | No                    | No                     |               0 |            0 |
| Yes          | No                    | Yes                    |              12 |            3 |
| Yes          | Yes                   | No                     |               0 |            0 |
+--------------+-----------------------+------------------------+-----------------+--------------+


3. Detailed Control Set Information
-----------------------------------

+----------------+---------------+----------------------+------------------+----------------+
|  Clock Signal  | Enable Signal |   Set/Reset Signal   | Slice Load Count | Bel Load Count |
+----------------+---------------+----------------------+------------------+----------------+
|  clk_IBUF_BUFG |               |                      |                2 |              2 |
|  clk_IBUF_BUFG | CD/E[0]       | time_left[4]_i_2_n_0 |                3 |             12 |
|  clk_IBUF_BUFG |               | CD/cnt[31]_i_1_n_0   |                8 |             31 |
+----------------+---------------+----------------------+------------------+----------------+


+--------+-----------------------+
| Fanout | Number of ControlSets |
+--------+-----------------------+
| 2      |                     1 |
| 12     |                     1 |
| 16+    |                     1 |
+--------+-----------------------+


